<?xml version="1.0" encoding="UTF-8"?>
<!-- Generated by org.testng.reporters.JUnitReportReporter -->
<testsuite hostname="LAPTOP-3QEB2HF1" failures="0" tests="1" name="frametestNG.TESTNG.NewTest2if" time="0.018" errors="0" timestamp="13 Aug 2023 15:12:11 GMT" skipped="0">
  <testcase classname="frametestNG.TESTNG.NewTest2if" name="f" time="0.018"/>
</testsuite> <!-- frametestNG.TESTNG.NewTest2if -->
